<?xml version="1.0" encoding="UTF-8"?>
<!-- Generated by org.testng.reporters.JUnitXMLReporter -->
<<<<<<< HEAD
<testsuite hostname="Dinesh-PC" name="tests" tests="10" failures="0" timestamp="8 Oct 2014 08:26:23 GMT" time="2.565" errors="0">
  <testcase name="@BeforeMethod beforeTest" time="0.0" classname="test.SignUp">
    <failure type="org.openqa.selenium.WebDriverException" message="unknown error: chrome failed to start
  (Driver info: chromedriver=2.10.267521,platform=Windows NT 6.1 SP1 x86) (WARNING: The server did not provide any stacktrace information)
Command duration or timeout: 1.27 seconds
Build info: version: &amp;apos;2.42.2&amp;apos;, revision: &amp;apos;6a6995d&amp;apos;, time: &amp;apos;2014-06-03 17:42:30&amp;apos;
System info: host: &amp;apos;Dinesh-PC&amp;apos;, ip: &amp;apos;192.168.0.101&amp;apos;, os.name: &amp;apos;Windows Vista&amp;apos;, os.arch: &amp;apos;x86&amp;apos;, os.version: &amp;apos;6.1&amp;apos;, java.version: &amp;apos;1.6.0-rc&amp;apos;
Driver info: org.openqa.selenium.chrome.ChromeDriver">
      <![CDATA[org.openqa.selenium.WebDriverException: unknown error: chrome failed to start
  (Driver info: chromedriver=2.10.267521,platform=Windows NT 6.1 SP1 x86) (WARNING: The server did not provide any stacktrace information)
Command duration or timeout: 1.27 seconds
Build info: version: '2.42.2', revision: '6a6995d', time: '2014-06-03 17:42:30'
System info: host: 'Dinesh-PC', ip: '192.168.0.101', os.name: 'Windows Vista', os.arch: 'x86', os.version: '6.1', java.version: '1.6.0-rc'
Driver info: org.openqa.selenium.chrome.ChromeDriver
	at org.openqa.selenium.remote.ErrorHandler.createThrowable(ErrorHandler.java:204)
	at org.openqa.selenium.remote.ErrorHandler.throwIfResponseFailed(ErrorHandler.java:156)
	at org.openqa.selenium.remote.RemoteWebDriver.execute(RemoteWebDriver.java:599)
	at org.openqa.selenium.remote.RemoteWebDriver.startSession(RemoteWebDriver.java:240)
	at org.openqa.selenium.remote.RemoteWebDriver.<init>(RemoteWebDriver.java:126)
	at org.openqa.selenium.remote.RemoteWebDriver.<init>(RemoteWebDriver.java:139)
	at org.openqa.selenium.chrome.ChromeDriver.<init>(ChromeDriver.java:171)
	at org.openqa.selenium.chrome.ChromeDriver.<init>(ChromeDriver.java:139)
	at test.SignUp.beforeTest(Unknown Source)
... Removed 29 stack frames]]>
=======
<testsuite hostname="User2" name="tests" tests="10" failures="1" timestamp="9 Oct 2014 12:06:00 GMT" time="1160.265" errors="0">
  <testcase name="AccessoriesPage" time="161.981" classname="test.SignUp"/>
  <testcase name="CartPage" time="195.108" classname="test.SignUp"/>
  <testcase name="DimensionsPage" time="51.266" classname="test.SignUp"/>
  <testcase name="DoorTypePage" time="62.527" classname="test.SignUp"/>
  <testcase name="ExteriorsPage" time="126.197" classname="test.SignUp"/>
  <testcase name="InteriorsPage" time="67.244" classname="test.SignUp"/>
  <testcase name="LandingPage" time="54.475" classname="test.SignUp"/>
  <testcase name="OrderPage" time="171.545" classname="test.SignUp"/>
  <testcase name="Subscribe" time="17.479" classname="test.SignUp">
    <failure type="java.lang.AssertionError" message="Forgot password not displayed expected [Email Sent. Login to your mail to reset your password] but found []">
      <![CDATA[java.lang.AssertionError: Forgot password not displayed expected [Email Sent. Login to your mail to reset your password] but found []
	at test.SignUp.forgotPassword(SignUp.java:292)
	at test.SignUp.Subscribe(SignUp.java:71)
... Removed 28 stack frames]]>
>>>>>>> b0252c559657e1ab2ab4884b40505cdc8116f19d
    </failure>
  </testcase> <!-- Subscribe -->
  <testcase name="TemplatesPage" time="39.221" classname="test.SignUp"/>
</testsuite> <!-- tests -->
